<?xml version="1.0" encoding="UTF-8"?>
<!-- Generated by org.testng.reporters.JUnitReportReporter -->
<testsuite hostname="LB9903141" name="workingWithLinks.CountAndGetLinks" tests="1" failures="0" timestamp="4 Oct 2019 17:28:40 GMT" time="2.009" errors="0">
  <testcase name="links" time="2.009" classname="workingWithLinks.CountAndGetLinks"/>
</testsuite> <!-- workingWithLinks.CountAndGetLinks -->
