<?xml version="1.0" encoding="UTF-8"?>
<!-- Generated by org.testng.reporters.JUnitReportReporter -->
<testsuite hostname="LB9903141" name="workingWithRobot.UploadingPhoto" tests="1" failures="0" timestamp="26 Sep 2019 09:44:00 GMT" time="22.004" errors="0">
  <testcase name="upload" time="22.004" classname="workingWithRobot.UploadingPhoto"/>
</testsuite> <!-- workingWithRobot.UploadingPhoto -->
