<?xml version="1.0" encoding="UTF-8"?>
<!-- Generated by org.testng.reporters.JUnitReportReporter -->
<testsuite hostname="LB9903141" name="workingWithRobot.SampleEg" tests="1" failures="0" timestamp="21 Sep 2019 06:54:49 GMT" time="10.470" errors="0">
  <testcase name="operation" time="10.470" classname="workingWithRobot.SampleEg"/>
</testsuite> <!-- workingWithRobot.SampleEg -->
