<?xml version="1.0" encoding="UTF-8"?>
<!-- Generated by org.testng.reporters.JUnitReportReporter -->
<testsuite hostname="LB9903141" name="advancedUserInteractions.RightClickOperation" tests="1" failures="0" timestamp="13 Sep 2019 10:06:55 GMT" time="0.381" errors="0">
  <testcase name="operation" time="0.381" classname="advancedUserInteractions.RightClickOperation"/>
</testsuite> <!-- advancedUserInteractions.RightClickOperation -->
