<?xml version="1.0" encoding="UTF-8"?>
<!-- Generated by org.testng.reporters.JUnitReportReporter -->
<testsuite hostname="LB9903141" name="workingWithAlerts.GetTextFromAlert" tests="1" failures="0" timestamp="19 Sep 2019 13:27:31 GMT" time="5.470" errors="0">
  <testcase name="alert" time="5.470" classname="workingWithAlerts.GetTextFromAlert"/>
</testsuite> <!-- workingWithAlerts.GetTextFromAlert -->
