<?xml version="1.0" encoding="UTF-8"?>
<!-- Generated by org.testng.reporters.JUnitReportReporter -->
<testsuite hostname="LB9903141" name="workingWithCookies.DeleteAllCookies" tests="1" failures="0" timestamp="17 Sep 2019 18:59:57 GMT" time="11.952" errors="0">
  <testcase name="operation" time="11.952" classname="workingWithCookies.DeleteAllCookies"/>
</testsuite> <!-- workingWithCookies.DeleteAllCookies -->
