<?xml version="1.0" encoding="UTF-8"?>
<!-- Generated by org.testng.reporters.JUnitReportReporter -->
<testsuite hostname="LB9903141" name="workingWithRobot.DownloadWallpapers" tests="1" failures="0" timestamp="23 Sep 2019 18:20:07 GMT" time="8.976" errors="0">
  <testcase name="windowElement" time="8.976" classname="workingWithRobot.DownloadWallpapers"/>
</testsuite> <!-- workingWithRobot.DownloadWallpapers -->
