<?xml version="1.0" encoding="UTF-8"?>
<!-- Generated by org.testng.reporters.JUnitReportReporter -->
<testsuite hostname="LB9903141" name="workingWithAutoIT.UploadingImage" tests="1" failures="0" timestamp="26 Sep 2019 09:27:08 GMT" time="22.567" errors="0">
  <testcase name="upload" time="22.567" classname="workingWithAutoIT.UploadingImage"/>
</testsuite> <!-- workingWithAutoIT.UploadingImage -->
