<?xml version="1.0" encoding="UTF-8"?>
<!-- Generated by org.testng.reporters.JUnitReportReporter -->
<testsuite hostname="LB9903141" name="workingWithDropDowns.ValueActiveOrInactive" tests="1" failures="0" timestamp="13 Sep 2019 11:44:53 GMT" time="8.473" errors="0">
  <testcase name="links" time="8.473" classname="workingWithDropDowns.ValueActiveOrInactive"/>
</testsuite> <!-- workingWithDropDowns.ValueActiveOrInactive -->
