<?xml version="1.0" encoding="UTF-8"?>
<!-- Generated by org.testng.reporters.JUnitReportReporter -->
<testsuite hostname="LB9903141" name="workingWithImages.CountAndGetSrcOfImg" tests="1" failures="0" timestamp="13 Sep 2019 12:01:45 GMT" time="2.420" errors="0">
  <testcase name="images" time="2.420" classname="workingWithImages.CountAndGetSrcOfImg"/>
</testsuite> <!-- workingWithImages.CountAndGetSrcOfImg -->
