<?xml version="1.0" encoding="UTF-8"?>
<!-- Generated by org.testng.reporters.JUnitReportReporter -->
<testsuite hostname="LB9903141" name="workingWithCookies.CountNoOFCookies" tests="1" failures="0" timestamp="17 Sep 2019 18:53:26 GMT" time="0.538" errors="0">
  <testcase name="operation" time="0.538" classname="workingWithCookies.CountNoOFCookies"/>
</testsuite> <!-- workingWithCookies.CountNoOFCookies -->
