<?xml version="1.0" encoding="UTF-8"?>
<!-- Generated by org.testng.reporters.JUnitReportReporter -->
<testsuite hostname="LB9903141" name="advancedUserInteractions.DragOperationOnSlider" tests="1" failures="0" timestamp="16 Sep 2019 20:23:49 GMT" time="8.378" errors="0">
  <testcase name="operation" time="8.378" classname="advancedUserInteractions.DragOperationOnSlider"/>
</testsuite> <!-- advancedUserInteractions.DragOperationOnSlider -->
