<?xml version="1.0" encoding="UTF-8"?>
<!-- Generated by org.testng.reporters.JUnitReportReporter -->
<testsuite hostname="LB9903141" name="testNGFramework.WorkingWithBarCode" tests="1" failures="0" timestamp="23 Sep 2019 18:07:33 GMT" time="1.995" errors="0">
  <testcase name="data" time="1.995" classname="testNGFramework.WorkingWithBarCode"/>
</testsuite> <!-- testNGFramework.WorkingWithBarCode -->
