<?xml version="1.0" encoding="UTF-8"?>
<!-- Generated by org.testng.reporters.JUnitReportReporter -->
<testsuite hostname="LB9903141" name="workingWithFrames.CountFrames" tests="1" failures="0" timestamp="12 Sep 2019 12:22:53 GMT" time="0.663" errors="0">
  <testcase name="frames" time="0.663" classname="workingWithFrames.CountFrames"/>
</testsuite> <!-- workingWithFrames.CountFrames -->
