<?xml version="1.0" encoding="UTF-8"?>
<!-- Generated by org.testng.reporters.JUnitReportReporter -->
<testsuite hostname="LB9903141" name="advancedUserInteractions.DragAndDropOperation" tests="1" failures="0" timestamp="13 Sep 2019 11:02:16 GMT" time="4.633" errors="0">
  <testcase name="operation" time="4.633" classname="advancedUserInteractions.DragAndDropOperation"/>
</testsuite> <!-- advancedUserInteractions.DragAndDropOperation -->
