<?xml version="1.0" encoding="UTF-8"?>
<!-- Generated by org.testng.reporters.JUnitReportReporter -->
<testsuite hostname="LB9903141" name="workingWithDatePicker.WithoutCalender" tests="1" failures="0" timestamp="23 Sep 2019 19:22:51 GMT" time="3.780" errors="0">
  <testcase name="calen" time="3.780" classname="workingWithDatePicker.WithoutCalender"/>
</testsuite> <!-- workingWithDatePicker.WithoutCalender -->
