<?xml version="1.0" encoding="UTF-8"?>
<!-- Generated by org.testng.reporters.JUnitReportReporter -->
<testsuite hostname="LB9903141" name="workingWithDropDowns.CountAndGetDropdowns" tests="1" failures="0" timestamp="13 Sep 2019 11:51:45 GMT" time="1.676" errors="0">
  <testcase name="links" time="1.676" classname="workingWithDropDowns.CountAndGetDropdowns"/>
</testsuite> <!-- workingWithDropDowns.CountAndGetDropdowns -->
