<?xml version="1.0" encoding="UTF-8"?>
<!-- Generated by org.testng.reporters.JUnitReportReporter -->
<testsuite hostname="LB9903141" name="testNGFramework.CountNoOfTables" tests="1" failures="0" timestamp="11 Sep 2019 11:30:48 GMT" time="2.582" errors="0">
  <testcase name="tables" time="2.582" classname="testNGFramework.CountNoOfTables"/>
</testsuite> <!-- testNGFramework.CountNoOfTables -->
