<?xml version="1.0" encoding="UTF-8"?>
<!-- Generated by org.testng.reporters.JUnitReportReporter -->
<testsuite hostname="LB9903141" name="workingWithRobot.DownloadWebDriverJar" tests="1" failures="0" timestamp="26 Sep 2019 09:34:47 GMT" time="10.339" errors="0">
  <testcase name="windowElement" time="10.339" classname="workingWithRobot.DownloadWebDriverJar"/>
</testsuite> <!-- workingWithRobot.DownloadWebDriverJar -->
