<?xml version="1.0" encoding="UTF-8"?>
<!-- Generated by org.testng.reporters.JUnitReportReporter -->
<testsuite hostname="LB9903141" name="workingWithAutoIT.DownloadWallpaper" tests="1" failures="0" timestamp="19 Sep 2019 13:22:52 GMT" time="12.181" errors="0">
  <testcase name="windowElement" time="12.181" classname="workingWithAutoIT.DownloadWallpaper"/>
</testsuite> <!-- workingWithAutoIT.DownloadWallpaper -->
