<?xml version="1.0" encoding="UTF-8"?>
<!-- Generated by org.testng.reporters.JUnitReportReporter -->
<testsuite hostname="LB9903141" name="advancedUserInteractions.MouseMoveOperation" tests="1" failures="0" timestamp="13 Sep 2019 11:04:46 GMT" time="6.224" errors="0">
  <testcase name="operation" time="6.224" classname="advancedUserInteractions.MouseMoveOperation"/>
</testsuite> <!-- advancedUserInteractions.MouseMoveOperation -->
