<?xml version="1.0" encoding="UTF-8"?>
<!-- Generated by org.testng.reporters.JUnitReportReporter -->
<testsuite hostname="LB9903141" name="testNGFramework.AllRowsInFirstColumn" tests="1" failures="0" timestamp="12 Sep 2019 01:07:21 GMT" time="16.494" errors="0">
  <testcase name="tables" time="16.494" classname="testNGFramework.AllRowsInFirstColumn"/>
</testsuite> <!-- testNGFramework.AllRowsInFirstColumn -->
