<?xml version="1.0" encoding="UTF-8"?>
<!-- Generated by org.testng.reporters.JUnitReportReporter -->
<testsuite hostname="LB9903141" name="workingWithLog4j.UploadingImgUsingSikuli" tests="1" failures="0" timestamp="30 Sep 2019 12:26:00 GMT" time="32.664" errors="0">
  <testcase name="upload" time="32.664" classname="workingWithLog4j.UploadingImgUsingSikuli"/>
</testsuite> <!-- workingWithLog4j.UploadingImgUsingSikuli -->
