<?xml version="1.0" encoding="UTF-8"?>
<!-- Generated by org.testng.reporters.JUnitReportReporter -->
<testsuite hostname="LB9903141" name="workingWithAutoIT.DownloadWebDriverJar" tests="1" failures="0" timestamp="26 Sep 2019 06:32:26 GMT" time="23.105" errors="0">
  <testcase name="windowElement" time="23.105" classname="workingWithAutoIT.DownloadWebDriverJar"/>
</testsuite> <!-- workingWithAutoIT.DownloadWebDriverJar -->
