<?xml version="1.0" encoding="UTF-8"?>
<!-- Generated by org.testng.reporters.JUnitReportReporter -->
<testsuite hostname="LB9903141" name="workingWithFrames.ClickElementWithoutFrameNum" tests="1" failures="0" timestamp="12 Sep 2019 12:43:09 GMT" time="3.049" errors="0">
  <testcase name="frames" time="3.049" classname="workingWithFrames.ClickElementWithoutFrameNum"/>
</testsuite> <!-- workingWithFrames.ClickElementWithoutFrameNum -->
