<?xml version="1.0" encoding="UTF-8"?>
<!-- Generated by org.testng.reporters.JUnitReportReporter -->
<testsuite hostname="LB9903141" name="testNGFramework.CountRowsAndColumns" tests="1" failures="0" timestamp="11 Sep 2019 11:47:59 GMT" time="8.389" errors="0">
  <testcase name="tables" time="8.389" classname="testNGFramework.CountRowsAndColumns"/>
</testsuite> <!-- testNGFramework.CountRowsAndColumns -->
