<?xml version="1.0" encoding="UTF-8"?>
<!-- Generated by org.testng.reporters.JUnitReportReporter -->
<testsuite hostname="LB9903141" name="workingWithSikulis.UploadingImage" tests="1" failures="0" timestamp="27 Sep 2019 12:21:49 GMT" time="30.235" errors="0">
  <testcase name="upload" time="30.235" classname="workingWithSikulis.UploadingImage"/>
</testsuite> <!-- workingWithSikulis.UploadingImage -->
