<?xml version="1.0" encoding="UTF-8"?>
<!-- Generated by org.testng.reporters.JUnitReportReporter -->
<testsuite hostname="LB9903141" name="workingWithFrames.ClickElementUnderFrame" tests="1" failures="0" timestamp="12 Sep 2019 12:31:44 GMT" time="1.321" errors="0">
  <testcase name="frames" time="1.321" classname="workingWithFrames.ClickElementUnderFrame"/>
</testsuite> <!-- workingWithFrames.ClickElementUnderFrame -->
