<?xml version="1.0" encoding="UTF-8"?>
<!-- Generated by org.testng.reporters.JUnitReportReporter -->
<testsuite hostname="LB9903141" name="advancedUserInteractions.SliderOperation" tests="1" failures="0" timestamp="25 Sep 2019 10:32:15 GMT" time="7.244" errors="0">
  <testcase name="operation" time="7.244" classname="advancedUserInteractions.SliderOperation"/>
</testsuite> <!-- advancedUserInteractions.SliderOperation -->
