<?xml version="1.0" encoding="UTF-8"?>
<!-- Generated by org.testng.reporters.JUnitReportReporter -->
<testsuite hostname="LB9903141" name="workingWithTestNGListeners.HRMLoginByUsingListener" tests="1" failures="0" timestamp="30 Sep 2019 12:50:07 GMT" time="0.007" errors="1">
  <testcase name="login" time="0.007" classname="workingWithTestNGListeners.HRMLoginByUsingListener">
    <error type="org.openqa.selenium.WebDriverException" message="Failed to connect to binary FirefoxBinary(C:\Program Files (x86)\Mozilla Firefox\firefox.exe) on port 7055; process output follows: 
-system-defaults&quot;,&quot;version&quot;:&quot;65&quot;,&quot;type&quot;:&quot;extension&quot;,&quot;internalName&quot;:null,&quot;updateURL&quot;:null,&quot;updateKey&quot;:null,&quot;optionsURL&quot;:null,&quot;optionsType&quot;:null,&quot;aboutURL&quot;:null,&quot;defaultLocale&quot;:{&quot;name&quot;:&quot;Shield Recipe Client&quot;,&quot;description&quot;:&quot;Client to download and run recipes for SHIELD, Heartbeat, etc.&quot;,&quot;creator&quot;:null,&quot;homepageURL&quot;:null},&quot;visible&quot;:true,&quot;active&quot;:true,&quot;userDisabled&quot;:false,&quot;appDisabled&quot;:false,&quot;installDate&quot;:1569847277480,&quot;updateDate&quot;:1569847277480,&quot;applyBackgroundUpdates&quot;:1,&quot;bootstrap&quot;:true,&quot;path&quot;:&quot;C:\\Program Files (x86)\\Mozilla Firefox\\browser\\features\\shield-recipe-client@mozilla.org.xpi&quot;,&quot;skinnable&quot;:false,&quot;size&quot;:362688,&quot;sourceURI&quot;:null,&quot;releaseNotesURI&quot;:null,&quot;softDisabled&quot;:false,&quot;foreignInstall&quot;:false,&quot;hasBinaryComponents&quot;:false,&quot;strictCompatibility&quot;:false,&quot;locales&quot;:[],&quot;targetApplications&quot;:[{&quot;id&quot;:&quot;{ec8030f7-c20a-464f-9b0e-13a3a9e97384}&quot;,&quot;minVersion&quot;:&quot;56.0&quot;,&quot;maxVersion&quot;:&quot;56.*&quot;}],&quot;targetPlatforms&quot;:[],&quot;multiprocessCompatible&quot;:true,&quot;seen&quot;:true,&quot;dependencies&quot;:[],&quot;hasEmbeddedWebExtension&quot;:false,&quot;mpcOptedOut&quot;:false,&quot;userPermissions&quot;:null,&quot;icons&quot;:{},&quot;iconURL&quot;:null,&quot;icon64URL&quot;:null,&quot;blocklistState&quot;:0,&quot;blocklistURL&quot;:null}
1569847774719	addons.xpi	DEBUG	Updating XPIState for {&quot;id&quot;:&quot;{972ce4c6-7e08-4474-a285-3208198ce6fd}&quot;,&quot;syncGUID&quot;:&quot;vCj4j7LblOHT&quot;,&quot;location&quot;:&quot;app-global&quot;,&quot;version&quot;:&quot;56.0&quot;,&quot;type&quot;:&quot;theme&quot;,&quot;internalName&quot;:&quot;classic/1.0&quot;,&quot;updateURL&quot;:null,&quot;updateKey&quot;:null,&quot;optionsURL&quot;:null,&quot;optionsType&quot;:null,&quot;optionsBrowserStyle&quot;:null,&quot;aboutURL&quot;:null,&quot;defaultLocale&quot;:{&quot;name&quot;:&quot;Default&quot;,&quot;description&quot;:&quot;The default theme.&quot;,&quot;creator&quot;:&quot;Mozilla&quot;,&quot;homepageURL&quot;:null,&quot;contributors&quot;:[&quot;Mozilla Contributors&quot;]},&quot;visible&quot;:true,&quot;active&quot;:true,&quot;userDisabled&quot;:false,&quot;appDisabled&quot;:false,&quot;installDate&quot;:1458092507000,&quot;updateDate&quot;:1569847278212,&quot;applyBackgroundUpdates&quot;:1,&quot;path&quot;:&quot;C:\\Program Files (x86)\\Mozilla Firefox\\browser\\extensions\\{972ce4c6-7e08-4474-a285-3208198ce6fd}.xpi&quot;,&quot;skinnable&quot;:true,&quot;size&quot;:7141,&quot;sourceURI&quot;:null,&quot;releaseNotesURI&quot;:null,&quot;softDisabled&quot;:false,&quot;foreignInstall&quot;:false,&quot;hasBinaryComponents&quot;:false,&quot;strictCompatibility&quot;:true,&quot;locales&quot;:[],&quot;targetApplications&quot;:[{&quot;id&quot;:&quot;{ec8030f7-c20a-464f-9b0e-13a3a9e97384}&quot;,&quot;minVersion&quot;:&quot;56.0&quot;,&quot;maxVersion&quot;:&quot;56.0&quot;}],&quot;targetPlatforms&quot;:[],&quot;seen&quot;:true,&quot;dependencies&quot;:[],&quot;hasEmbeddedWebExtension&quot;:false,&quot;userPermissions&quot;:null,&quot;icons&quot;:{},&quot;iconURL&quot;:&quot;chrome://browser/content/default-theme-icon.svg&quot;,&quot;icon64URL&quot;:null,&quot;blocklistState&quot;:0,&quot;blocklistURL&quot;:null}
1569847774722	DeferredSave.extensions.json	DEBUG	Save changes
1569847774722	addons.xpi	DEBUG	Updating database with changes to installed add-ons
1569847774722	addons.xpi-utils	DEBUG	Updating add-on states
1569847774733	DeferredSave.extensions.json	DEBUG	Starting timer
1569847774865	DeferredSave.webext.sc.lz4	DEBUG	Starting write
1569847775072	DeferredSave.extensions.json	DEBUG	Starting write
1569847775335	DeferredSave.webext.sc.lz4	DEBUG	Write succeeded
1569847775373	DeferredSave.extensions.json	DEBUG	Write succeeded
[Child 1828] WARNING: pipe error: 109: file z:/build/build/src/ipc/chromium/src/chrome/common/ipc_channel_win.cc, line 346
[Child 1828] WARNING: pipe error: 109: file z:/build/build/src/ipc/chromium/src/chroERROR - ContextualIdentityService - Unknown version found in C:\Users\Muktiar.s\AppData\Local\Temp\anonymous3950561635670558158webdriver-profile\containers.json
1569847776395	addons.productaddons	INFO	sending request to: https://aus5.mozilla.org/update/3/GMP/56.0/20170926190823/WINNT_x86_64-msvc-x64/en-US/release/Windows_NT%2010.0.0.0%20(x64)/default/default/update.xml
1569847776710	addons.productaddons	INFO	Completed downloading document
1569847778788	addons.productaddons	INFO	downloadXHR File download. status=200
1569847778854	addons.productaddons	INFO	Downloaded file will be saved to C:\Users\Muktiar.s\AppData\Local\Temp\tmpaddon-b252e7
Unable to read VR Path Registry from C:\Users\Muktiar.s\AppData\Local\openvr\openvrpaths.vrpath
1569847781752	addons.productaddons	INFO	downloadXHR File download. status=200
1569847781819	addons.productaddons	INFO	Downloaded file will be saved to C:\Users\Muktiar.s\AppData\Local\Temp\tmpaddon-b1e0a0

Build info: version: &#039;2.53.1&#039;, revision: &#039;a36b8b1&#039;, time: &#039;2016-06-30 17:37:03&#039;
System info: host: &#039;LB9903141&#039;, ip: &#039;192.168.0.5&#039;, os.name: &#039;Windows 10&#039;, os.arch: &#039;amd64&#039;, os.version: &#039;10.0&#039;, java.version: &#039;1.8.0_221&#039;
Driver info: driver.version: FirefoxDriver">
      <![CDATA[org.openqa.selenium.WebDriverException: Failed to connect to binary FirefoxBinary(C:\Program Files (x86)\Mozilla Firefox\firefox.exe) on port 7055; process output follows: 
-system-defaults","version":"65","type":"extension","internalName":null,"updateURL":null,"updateKey":null,"optionsURL":null,"optionsType":null,"aboutURL":null,"defaultLocale":{"name":"Shield Recipe Client","description":"Client to download and run recipes for SHIELD, Heartbeat, etc.","creator":null,"homepageURL":null},"visible":true,"active":true,"userDisabled":false,"appDisabled":false,"installDate":1569847277480,"updateDate":1569847277480,"applyBackgroundUpdates":1,"bootstrap":true,"path":"C:\\Program Files (x86)\\Mozilla Firefox\\browser\\features\\shield-recipe-client@mozilla.org.xpi","skinnable":false,"size":362688,"sourceURI":null,"releaseNotesURI":null,"softDisabled":false,"foreignInstall":false,"hasBinaryComponents":false,"strictCompatibility":false,"locales":[],"targetApplications":[{"id":"{ec8030f7-c20a-464f-9b0e-13a3a9e97384}","minVersion":"56.0","maxVersion":"56.*"}],"targetPlatforms":[],"multiprocessCompatible":true,"seen":true,"dependencies":[],"hasEmbeddedWebExtension":false,"mpcOptedOut":false,"userPermissions":null,"icons":{},"iconURL":null,"icon64URL":null,"blocklistState":0,"blocklistURL":null}
1569847774719	addons.xpi	DEBUG	Updating XPIState for {"id":"{972ce4c6-7e08-4474-a285-3208198ce6fd}","syncGUID":"vCj4j7LblOHT","location":"app-global","version":"56.0","type":"theme","internalName":"classic/1.0","updateURL":null,"updateKey":null,"optionsURL":null,"optionsType":null,"optionsBrowserStyle":null,"aboutURL":null,"defaultLocale":{"name":"Default","description":"The default theme.","creator":"Mozilla","homepageURL":null,"contributors":["Mozilla Contributors"]},"visible":true,"active":true,"userDisabled":false,"appDisabled":false,"installDate":1458092507000,"updateDate":1569847278212,"applyBackgroundUpdates":1,"path":"C:\\Program Files (x86)\\Mozilla Firefox\\browser\\extensions\\{972ce4c6-7e08-4474-a285-3208198ce6fd}.xpi","skinnable":true,"size":7141,"sourceURI":null,"releaseNotesURI":null,"softDisabled":false,"foreignInstall":false,"hasBinaryComponents":false,"strictCompatibility":true,"locales":[],"targetApplications":[{"id":"{ec8030f7-c20a-464f-9b0e-13a3a9e97384}","minVersion":"56.0","maxVersion":"56.0"}],"targetPlatforms":[],"seen":true,"dependencies":[],"hasEmbeddedWebExtension":false,"userPermissions":null,"icons":{},"iconURL":"chrome://browser/content/default-theme-icon.svg","icon64URL":null,"blocklistState":0,"blocklistURL":null}
1569847774722	DeferredSave.extensions.json	DEBUG	Save changes
1569847774722	addons.xpi	DEBUG	Updating database with changes to installed add-ons
1569847774722	addons.xpi-utils	DEBUG	Updating add-on states
1569847774733	DeferredSave.extensions.json	DEBUG	Starting timer
1569847774865	DeferredSave.webext.sc.lz4	DEBUG	Starting write
1569847775072	DeferredSave.extensions.json	DEBUG	Starting write
1569847775335	DeferredSave.webext.sc.lz4	DEBUG	Write succeeded
1569847775373	DeferredSave.extensions.json	DEBUG	Write succeeded
[Child 1828] WARNING: pipe error: 109: file z:/build/build/src/ipc/chromium/src/chrome/common/ipc_channel_win.cc, line 346
[Child 1828] WARNING: pipe error: 109: file z:/build/build/src/ipc/chromium/src/chroERROR - ContextualIdentityService - Unknown version found in C:\Users\Muktiar.s\AppData\Local\Temp\anonymous3950561635670558158webdriver-profile\containers.json
1569847776395	addons.productaddons	INFO	sending request to: https://aus5.mozilla.org/update/3/GMP/56.0/20170926190823/WINNT_x86_64-msvc-x64/en-US/release/Windows_NT%2010.0.0.0%20(x64)/default/default/update.xml
1569847776710	addons.productaddons	INFO	Completed downloading document
1569847778788	addons.productaddons	INFO	downloadXHR File download. status=200
1569847778854	addons.productaddons	INFO	Downloaded file will be saved to C:\Users\Muktiar.s\AppData\Local\Temp\tmpaddon-b252e7
Unable to read VR Path Registry from C:\Users\Muktiar.s\AppData\Local\openvr\openvrpaths.vrpath
1569847781752	addons.productaddons	INFO	downloadXHR File download. status=200
1569847781819	addons.productaddons	INFO	Downloaded file will be saved to C:\Users\Muktiar.s\AppData\Local\Temp\tmpaddon-b1e0a0

Build info: version: '2.53.1', revision: 'a36b8b1', time: '2016-06-30 17:37:03'
System info: host: 'LB9903141', ip: '192.168.0.5', os.name: 'Windows 10', os.arch: 'amd64', os.version: '10.0', java.version: '1.8.0_221'
Driver info: driver.version: FirefoxDriver
	at org.openqa.selenium.firefox.internal.NewProfileExtensionConnection.start(NewProfileExtensionConnection.java:124)
	at org.openqa.selenium.firefox.FirefoxDriver.startClient(FirefoxDriver.java:271)
	at org.openqa.selenium.remote.RemoteWebDriver.<init>(RemoteWebDriver.java:119)
	at org.openqa.selenium.firefox.FirefoxDriver.<init>(FirefoxDriver.java:218)
	at org.openqa.selenium.firefox.FirefoxDriver.<init>(FirefoxDriver.java:211)
	at org.openqa.selenium.firefox.FirefoxDriver.<init>(FirefoxDriver.java:207)
	at org.openqa.selenium.firefox.FirefoxDriver.<init>(FirefoxDriver.java:124)
	at workingWithTestNGListeners.HRMLoginByUsingListener.open(HRMLoginByUsingListener.java:23)
	at sun.reflect.NativeMethodAccessorImpl.invoke0(Native Method)
	at sun.reflect.NativeMethodAccessorImpl.invoke(NativeMethodAccessorImpl.java:62)
	at sun.reflect.DelegatingMethodAccessorImpl.invoke(DelegatingMethodAccessorImpl.java:43)
	at java.lang.reflect.Method.invoke(Method.java:498)
	at org.testng.internal.MethodInvocationHelper.invokeMethod(MethodInvocationHelper.java:85)
	at org.testng.internal.Invoker.invokeConfigurationMethod(Invoker.java:510)
	at org.testng.internal.Invoker.invokeConfigurations(Invoker.java:211)
	at org.testng.internal.Invoker.invokeConfigurations(Invoker.java:138)
	at org.testng.TestRunner.beforeRun(TestRunner.java:648)
	at org.testng.TestRunner.run(TestRunner.java:616)
	at org.testng.SuiteRunner.runTest(SuiteRunner.java:359)
	at org.testng.SuiteRunner.runSequentially(SuiteRunner.java:354)
	at org.testng.SuiteRunner.privateRun(SuiteRunner.java:312)
	at org.testng.SuiteRunner.run(SuiteRunner.java:261)
	at org.testng.SuiteRunnerWorker.runSuite(SuiteRunnerWorker.java:52)
	at org.testng.SuiteRunnerWorker.run(SuiteRunnerWorker.java:86)
	at org.testng.TestNG.runSuitesSequentially(TestNG.java:1215)
	at org.testng.TestNG.runSuitesLocally(TestNG.java:1140)
	at org.testng.TestNG.run(TestNG.java:1048)
	at org.testng.remote.AbstractRemoteTestNG.run(AbstractRemoteTestNG.java:132)
	at org.testng.remote.RemoteTestNG.initAndRun(RemoteTestNG.java:236)
	at org.testng.remote.RemoteTestNG.main(RemoteTestNG.java:81)
Caused by: org.openqa.selenium.firefox.NotConnectedException: Unable to connect to host 127.0.0.1 on port 7055 after 45000 ms. Firefox console output:
-system-defaults","version":"65","type":"extension","internalName":null,"updateURL":null,"updateKey":null,"optionsURL":null,"optionsType":null,"aboutURL":null,"defaultLocale":{"name":"Shield Recipe Client","description":"Client to download and run recipes for SHIELD, Heartbeat, etc.","creator":null,"homepageURL":null},"visible":true,"active":true,"userDisabled":false,"appDisabled":false,"installDate":1569847277480,"updateDate":1569847277480,"applyBackgroundUpdates":1,"bootstrap":true,"path":"C:\\Program Files (x86)\\Mozilla Firefox\\browser\\features\\shield-recipe-client@mozilla.org.xpi","skinnable":false,"size":362688,"sourceURI":null,"releaseNotesURI":null,"softDisabled":false,"foreignInstall":false,"hasBinaryComponents":false,"strictCompatibility":false,"locales":[],"targetApplications":[{"id":"{ec8030f7-c20a-464f-9b0e-13a3a9e97384}","minVersion":"56.0","maxVersion":"56.*"}],"targetPlatforms":[],"multiprocessCompatible":true,"seen":true,"dependencies":[],"hasEmbeddedWebExtension":false,"mpcOptedOut":false,"userPermissions":null,"icons":{},"iconURL":null,"icon64URL":null,"blocklistState":0,"blocklistURL":null}
1569847774719	addons.xpi	DEBUG	Updating XPIState for {"id":"{972ce4c6-7e08-4474-a285-3208198ce6fd}","syncGUID":"vCj4j7LblOHT","location":"app-global","version":"56.0","type":"theme","internalName":"classic/1.0","updateURL":null,"updateKey":null,"optionsURL":null,"optionsType":null,"optionsBrowserStyle":null,"aboutURL":null,"defaultLocale":{"name":"Default","description":"The default theme.","creator":"Mozilla","homepageURL":null,"contributors":["Mozilla Contributors"]},"visible":true,"active":true,"userDisabled":false,"appDisabled":false,"installDate":1458092507000,"updateDate":1569847278212,"applyBackgroundUpdates":1,"path":"C:\\Program Files (x86)\\Mozilla Firefox\\browser\\extensions\\{972ce4c6-7e08-4474-a285-3208198ce6fd}.xpi","skinnable":true,"size":7141,"sourceURI":null,"releaseNotesURI":null,"softDisabled":false,"foreignInstall":false,"hasBinaryComponents":false,"strictCompatibility":true,"locales":[],"targetApplications":[{"id":"{ec8030f7-c20a-464f-9b0e-13a3a9e97384}","minVersion":"56.0","maxVersion":"56.0"}],"targetPlatforms":[],"seen":true,"dependencies":[],"hasEmbeddedWebExtension":false,"userPermissions":null,"icons":{},"iconURL":"chrome://browser/content/default-theme-icon.svg","icon64URL":null,"blocklistState":0,"blocklistURL":null}
1569847774722	DeferredSave.extensions.json	DEBUG	Save changes
1569847774722	addons.xpi	DEBUG	Updating database with changes to installed add-ons
1569847774722	addons.xpi-utils	DEBUG	Updating add-on states
1569847774733	DeferredSave.extensions.json	DEBUG	Starting timer
1569847774865	DeferredSave.webext.sc.lz4	DEBUG	Starting write
1569847775072	DeferredSave.extensions.json	DEBUG	Starting write
1569847775335	DeferredSave.webext.sc.lz4	DEBUG	Write succeeded
1569847775373	DeferredSave.extensions.json	DEBUG	Write succeeded
[Child 1828] WARNING: pipe error: 109: file z:/build/build/src/ipc/chromium/src/chrome/common/ipc_channel_win.cc, line 346
[Child 1828] WARNING: pipe error: 109: file z:/build/build/src/ipc/chromium/src/chroERROR - ContextualIdentityService - Unknown version found in C:\Users\Muktiar.s\AppData\Local\Temp\anonymous3950561635670558158webdriver-profile\containers.json
1569847776395	addons.productaddons	INFO	sending request to: https://aus5.mozilla.org/update/3/GMP/56.0/20170926190823/WINNT_x86_64-msvc-x64/en-US/release/Windows_NT%2010.0.0.0%20(x64)/default/default/update.xml
1569847776710	addons.productaddons	INFO	Completed downloading document
1569847778788	addons.productaddons	INFO	downloadXHR File download. status=200
1569847778854	addons.productaddons	INFO	Downloaded file will be saved to C:\Users\Muktiar.s\AppData\Local\Temp\tmpaddon-b252e7
Unable to read VR Path Registry from C:\Users\Muktiar.s\AppData\Local\openvr\openvrpaths.vrpath
1569847781752	addons.productaddons	INFO	downloadXHR File download. status=200
1569847781819	addons.productaddons	INFO	Downloaded file will be saved to C:\Users\Muktiar.s\AppData\Local\Temp\tmpaddon-b1e0a0

	at org.openqa.selenium.firefox.internal.NewProfileExtensionConnection.start(NewProfileExtensionConnection.java:112)
	... 29 more
]]>
    </error>
  </testcase> <!-- login -->
</testsuite> <!-- workingWithTestNGListeners.HRMLoginByUsingListener -->
