<?xml version="1.0" encoding="UTF-8"?>
<!-- Generated by org.testng.reporters.JUnitReportReporter -->
<testsuite hostname="LB9903141" name="workingWithBootstrap.SiginOperation" tests="1" failures="0" timestamp="16 Sep 2019 19:36:10 GMT" time="12.231" errors="0">
  <testcase name="operation" time="12.231" classname="workingWithBootstrap.SiginOperation"/>
</testsuite> <!-- workingWithBootstrap.SiginOperation -->
