<?xml version="1.0" encoding="UTF-8"?>
<!-- Generated by org.testng.reporters.JUnitReportReporter -->
<testsuite hostname="LB9903141" name="advancedUserInteractions.MouseMoveOperation2" tests="1" failures="0" timestamp="25 Sep 2019 11:49:06 GMT" time="24.375" errors="0">
  <testcase name="operation" time="24.375" classname="advancedUserInteractions.MouseMoveOperation2"/>
</testsuite> <!-- advancedUserInteractions.MouseMoveOperation2 -->
