<?xml version="1.0" encoding="UTF-8"?>
<!-- Generated by org.testng.reporters.JUnitReportReporter -->
<testsuite hostname="LB9903141" name="testNGFramework.WorkingWithQRCode" tests="1" failures="0" timestamp="23 Sep 2019 18:03:25 GMT" time="7.587" errors="0">
  <testcase name="data" time="7.587" classname="testNGFramework.WorkingWithQRCode"/>
</testsuite> <!-- testNGFramework.WorkingWithQRCode -->
