<?xml version="1.0" encoding="UTF-8"?>
<!-- Generated by org.testng.reporters.JUnitReportReporter -->
<testsuite hostname="LB9903141" name="workingWithMultipleWindows.Tc1CitiBank" tests="1" failures="0" timestamp="23 Sep 2019 10:58:22 GMT" time="14.088" errors="0">
  <testcase name="operation" time="14.088" classname="workingWithMultipleWindows.Tc1CitiBank"/>
</testsuite> <!-- workingWithMultipleWindows.Tc1CitiBank -->
