<?xml version="1.0" encoding="UTF-8"?>
<!-- Generated by org.testng.reporters.JUnitReportReporter -->
<testsuite hostname="LB9903141" name="workingWithDatePicker.WithCalender" tests="1" failures="0" timestamp="23 Sep 2019 19:17:33 GMT" time="1.200" errors="0">
  <testcase name="calen" time="1.200" classname="workingWithDatePicker.WithCalender"/>
</testsuite> <!-- workingWithDatePicker.WithCalender -->
