<?xml version="1.0" encoding="UTF-8"?>
<!-- Generated by org.testng.reporters.JUnitReportReporter -->
<testsuite hostname="LB9903141" name="workingWithLinks.CountVisibleAndHiddenLinks" tests="1" failures="0" timestamp="4 Oct 2019 17:28:40 GMT" time="4.888" errors="0">
  <testcase name="links" time="4.888" classname="workingWithLinks.CountVisibleAndHiddenLinks"/>
</testsuite> <!-- workingWithLinks.CountVisibleAndHiddenLinks -->
