<?xml version="1.0" encoding="UTF-8"?>
<!-- Generated by org.testng.reporters.JUnitReportReporter -->
<testsuite hostname="LB9903141" name="workingWithPopUps.Tc1PopUps" tests="1" failures="0" timestamp="21 Sep 2019 03:06:48 GMT" time="14.788" errors="0">
  <testcase name="popups" time="14.788" classname="workingWithPopUps.Tc1PopUps"/>
</testsuite> <!-- workingWithPopUps.Tc1PopUps -->
