<?xml version="1.0" encoding="UTF-8"?>
<!-- Generated by org.testng.reporters.JUnitReportReporter -->
<testsuite hostname="LB9903141" name="workingWithLinks.CountClickGetUrlNavigate" tests="1" failures="0" timestamp="4 Oct 2019 17:28:40 GMT" time="59.722" errors="0">
  <testcase name="links" time="59.722" classname="workingWithLinks.CountClickGetUrlNavigate"/>
</testsuite> <!-- workingWithLinks.CountClickGetUrlNavigate -->
