<?xml version="1.0" encoding="UTF-8"?>
<!-- Generated by org.testng.reporters.JUnitReportReporter -->
<testsuite hostname="LB9903141" name="testNGFramework.SpecificRowAndColumn" tests="1" failures="0" timestamp="11 Sep 2019 11:55:25 GMT" time="9.761" errors="0">
  <testcase name="tables" time="9.761" classname="testNGFramework.SpecificRowAndColumn"/>
</testsuite> <!-- testNGFramework.SpecificRowAndColumn -->
