<?xml version="1.0" encoding="UTF-8"?>
<!-- Generated by org.testng.reporters.JUnitReportReporter -->
<testsuite hostname="LB9903141" name="testNGFramework.NewtoursRegisterByProperties" tests="1" failures="0" timestamp="25 Sep 2019 06:22:01 GMT" time="62.938" errors="0">
  <testcase name="usingproperty" time="62.938" classname="testNGFramework.NewtoursRegisterByProperties"/>
</testsuite> <!-- testNGFramework.NewtoursRegisterByProperties -->
