<?xml version="1.0" encoding="UTF-8"?>
<!-- Generated by org.testng.reporters.JUnitReportReporter -->
<testsuite hostname="LB9903141" name="workingWithRobot.FileUploadInHRM" tests="2" failures="0" timestamp="24 Sep 2019 10:45:54 GMT" time="22.013" errors="0">
  <testcase name="loginOp" time="5.667" classname="workingWithRobot.FileUploadInHRM"/>
  <testcase name="upload" time="16.346" classname="workingWithRobot.FileUploadInHRM"/>
</testsuite> <!-- workingWithRobot.FileUploadInHRM -->
