<?xml version="1.0" encoding="UTF-8"?>
<!-- Generated by org.testng.reporters.JUnitReportReporter -->
<testsuite hostname="LB9903141" name="advancedUserInteractions.DoubleClickOperation" tests="1" failures="0" timestamp="13 Sep 2019 10:55:26 GMT" time="7.284" errors="0">
  <testcase name="operation" time="7.284" classname="advancedUserInteractions.DoubleClickOperation"/>
</testsuite> <!-- advancedUserInteractions.DoubleClickOperation -->
