<?xml version="1.0" encoding="UTF-8"?>
<!-- Generated by org.testng.reporters.JUnitReportReporter -->
<testsuite hostname="LB9903141" name="workingWithJavascriptExecutor.ScrollPage" tests="1" failures="0" timestamp="23 Sep 2019 19:29:27 GMT" time="3.261" errors="0">
  <testcase name="scroll" time="3.261" classname="workingWithJavascriptExecutor.ScrollPage"/>
</testsuite> <!-- workingWithJavascriptExecutor.ScrollPage -->
