<?xml version="1.0" encoding="UTF-8"?>
<!-- Generated by org.testng.reporters.JUnitReportReporter -->
<testsuite hostname="LB9903141" name="testNGFramework.DynamicWebTable" tests="1" failures="0" timestamp="12 Sep 2019 12:13:13 GMT" time="30.960" errors="0">
  <testcase name="tables" time="30.960" classname="testNGFramework.DynamicWebTable"/>
</testsuite> <!-- testNGFramework.DynamicWebTable -->
