<?xml version="1.0" encoding="UTF-8"?>
<!-- Generated by org.testng.reporters.JUnitReportReporter -->
<testsuite hostname="LB9903141" name="testNGFramework.HRMLoginByProperties" tests="1" failures="0" timestamp="25 Sep 2019 04:54:18 GMT" time="9.209" errors="0">
  <testcase name="usingproperty" time="9.209" classname="testNGFramework.HRMLoginByProperties"/>
</testsuite> <!-- testNGFramework.HRMLoginByProperties -->
